[debug] [2023-06-21T17:50:31.210Z] ----------------------------------------------------------------------
[debug] [2023-06-21T17:50:31.212Z] Command:       /usr/local/bin/node /usr/local/bin/firebase init
[debug] [2023-06-21T17:50:31.212Z] CLI Version:   12.4.0
[debug] [2023-06-21T17:50:31.213Z] Platform:      linux
[debug] [2023-06-21T17:50:31.213Z] Node Version:  v18.15.0
[debug] [2023-06-21T17:50:31.213Z] Time:          Wed Jun 21 2023 23:20:31 GMT+0530 (India Standard Time)
[debug] [2023-06-21T17:50:31.213Z] ----------------------------------------------------------------------
[debug] 
[debug] [2023-06-21T17:50:31.219Z] > command requires scopes: ["email","openid","https://www.googleapis.com/auth/cloudplatformprojects.readonly","https://www.googleapis.com/auth/firebase","https://www.googleapis.com/auth/cloud-platform"]
[debug] [2023-06-21T17:50:31.219Z] > authorizing via signed-in user (arg.adarsh@gmail.com)
[info] 
     ######## #### ########  ######## ########     ###     ######  ########
     ##        ##  ##     ## ##       ##     ##  ##   ##  ##       ##
     ######    ##  ########  ######   ########  #########  ######  ######
     ##        ##  ##    ##  ##       ##     ## ##     ##       ## ##
     ##       #### ##     ## ######## ########  ##     ##  ######  ########

You're about to initialize a Firebase project in this directory:

  /home/nova/Desktop/projects/netflix-clone

[info] 
=== Project Setup
[info] 
[info] First, let's associate this project directory with a Firebase project.
[info] You can create multiple project aliases by running firebase use --add, 
[info] but for now we'll just set up a default project.
[info] 
